<?xml version="1.0" ?>
<testsuite errors="0" failures="0" name="tests.TestPringle-20141023150936" tests="1" time="0.093">
	<testcase classname="tests.TestPringle" name="test1D" time="0.093"/>
	<system-out>
<![CDATA[]]>	</system-out>
	<system-err>
<![CDATA[]]>	</system-err>
</testsuite>
