<?xml version="1.0" ?>
<testsuite errors="0" failures="0" name="tests.TestSquareWellStructure-20141023150937" tests="4" time="0.048">
	<testcase classname="tests.TestSquareWellStructure" name="test1D" time="0.014"/>
	<testcase classname="tests.TestSquareWellStructure" name="test1D_2" time="0.016"/>
	<testcase classname="tests.TestSquareWellStructure" name="testEval_1D" time="0.016"/>
	<testcase classname="tests.TestSquareWellStructure" name="testEval_2D" time="0.001"/>
	<system-out>
<![CDATA[]]>	</system-out>
	<system-err>
<![CDATA[]]>	</system-err>
</testsuite>
