<?xml version="1.0" ?>
<testsuite errors="0" failures="0" name="tests.TestSCParaCrystal-20141023150933" tests="1" time="0.028">
	<testcase classname="tests.TestSCParaCrystal" name="test1D" time="0.028"/>
	<system-out>
<![CDATA[]]>	</system-out>
	<system-err>
<![CDATA[]]>	</system-err>
</testsuite>
