<?xml version="1.0" ?>
<testsuite errors="0" failures="0" name="tests.TestSphere-20141023150938" tests="1" time="0.000">
	<testcase classname="tests.TestSphere" name="test_state_IO" time="0.000"/>
	<system-out>
<![CDATA[]]>	</system-out>
	<system-err>
<![CDATA[]]>	</system-err>
</testsuite>
