<?xml version="1.0" ?>
<testsuite errors="0" failures="0" name="tests.TestCylinder-20141023150932" tests="6" time="0.007">
	<testcase classname="tests.TestCylinder" name="test_array" time="0.004"/>
	<testcase classname="tests.TestCylinder" name="test_clone" time="0.001"/>
	<testcase classname="tests.TestCylinder" name="test_constant" time="0.001"/>
	<testcase classname="tests.TestCylinder" name="test_gaussian" time="0.001"/>
	<testcase classname="tests.TestCylinder" name="test_gaussian_zero" time="0.000"/>
	<testcase classname="tests.TestCylinder" name="test_simple" time="0.000"/>
	<system-out>
<![CDATA[]]>	</system-out>
	<system-err>
<![CDATA[]]>	</system-err>
</testsuite>
