<?xml version="1.0" ?>
<testsuite errors="0" failures="0" name="tests.TestCoreShellEllipsoidXT-20141023150931" tests="1" time="0.006">
	<testcase classname="tests.TestCoreShellEllipsoidXT" name="test" time="0.006"/>
	<system-out>
<![CDATA[]]>	</system-out>
	<system-err>
<![CDATA[]]>	</system-err>
</testsuite>
