<?xml version="1.0" ?>
<testsuite errors="0" failures="0" name="tests.TestGaussian-20141017091700" tests="3" time="0.016">
	<testcase classname="tests.TestGaussian" name="test1D" time="0.015"/>
	<testcase classname="tests.TestGaussian" name="test2D" time="0.000"/>
	<testcase classname="tests.TestGaussian" name="test2Dphi" time="0.000"/>
	<system-out>
<![CDATA[]]>	</system-out>
	<system-err>
<![CDATA[]]>	</system-err>
</testsuite>
