<?xml version="1.0" ?>
<testsuite errors="0" failures="0" name="tests.TestPerlNecklace-20141023150936" tests="2" time="0.062">
	<testcase classname="tests.TestPerlNecklace" name="testwithbarbell" time="0.062"/>
	<testcase classname="tests.TestPerlNecklace" name="testwithsphere" time="0.000"/>
	<system-out>
<![CDATA[]]>	</system-out>
	<system-err>
<![CDATA[]]>	</system-err>
</testsuite>
