<?xml version="1.0" ?>
<testsuite errors="0" failures="0" name="tests.TestStickyHSStructure-20141023150937" tests="4" time="0.003">
	<testcase classname="tests.TestStickyHSStructure" name="test1D" time="0.001"/>
	<testcase classname="tests.TestStickyHSStructure" name="test1D_2" time="0.000"/>
	<testcase classname="tests.TestStickyHSStructure" name="testEval_1D" time="0.000"/>
	<testcase classname="tests.TestStickyHSStructure" name="testEval_2D" time="0.001"/>
	<system-out>
<![CDATA[]]>	</system-out>
	<system-err>
<![CDATA[]]>	</system-err>
</testsuite>
