<?xml version="1.0" ?>
<testsuite errors="0" failures="0" name="tests.TestBEPolyelectrolyte-20141023150937" tests="5" time="0.004">
	<testcase classname="tests.TestBEPolyelectrolyte" name="test1D" time="0.003"/>
	<testcase classname="tests.TestBEPolyelectrolyte" name="test1D_2" time="0.000"/>
	<testcase classname="tests.TestBEPolyelectrolyte" name="testCriticalPoint" time="0.000"/>
	<testcase classname="tests.TestBEPolyelectrolyte" name="testEval_1D" time="0.000"/>
	<testcase classname="tests.TestBEPolyelectrolyte" name="testEval_2D" time="0.000"/>
	<system-out>
<![CDATA[]]>	</system-out>
	<system-err>
<![CDATA[]]>	</system-err>
</testsuite>
