<?xml version="1.0" ?>
<testsuite errors="0" failures="0" name="tests.TestPorodModel-20141023150937" tests="5" time="0.001">
	<testcase classname="tests.TestPorodModel" name="test1D" time="0.001"/>
	<testcase classname="tests.TestPorodModel" name="test1D_2" time="0.000"/>
	<testcase classname="tests.TestPorodModel" name="testCreaticalPoint" time="0.000"/>
	<testcase classname="tests.TestPorodModel" name="testEval_1D" time="0.000"/>
	<testcase classname="tests.TestPorodModel" name="testEval_2D" time="0.000"/>
	<system-out>
<![CDATA[]]>	</system-out>
	<system-err>
<![CDATA[]]>	</system-err>
</testsuite>
