<?xml version="1.0" ?>
<testsuite errors="0" failures="0" name="tests.TestCoreShell-20141023150937" tests="4" time="0.020">
	<testcase classname="tests.TestCoreShell" name="test1D" time="0.013"/>
	<testcase classname="tests.TestCoreShell" name="test1D_2" time="0.006"/>
	<testcase classname="tests.TestCoreShell" name="testEval_1D" time="0.000"/>
	<testcase classname="tests.TestCoreShell" name="testEval_2D" time="0.000"/>
	<system-out>
<![CDATA[]]>	</system-out>
	<system-err>
<![CDATA[]]>	</system-err>
</testsuite>
