<?xml version="1.0" ?>
<testsuite errors="0" failures="0" name="tests.TestCyl-20141017100124" tests="3" time="0.028">
	<testcase classname="tests.TestCyl" name="test1D" time="0.027"/>
	<testcase classname="tests.TestCyl" name="test2D" time="0.001"/>
	<testcase classname="tests.TestCyl" name="testTime" time="0.000"/>
	<system-out>
<![CDATA[CylinderModel2
]]>	</system-out>
	<system-err>
<![CDATA[]]>	</system-err>
</testsuite>
