<?xml version="1.0" ?>
<testsuite errors="0" failures="0" name="tests.TestEllipticalCylinder-20141023150932" tests="4" time="0.510">
	<testcase classname="tests.TestEllipticalCylinder" name="test_array" time="0.316"/>
	<testcase classname="tests.TestEllipticalCylinder" name="test_dispersion" time="0.105"/>
	<testcase classname="tests.TestEllipticalCylinder" name="test_new_disp" time="0.089"/>
	<testcase classname="tests.TestEllipticalCylinder" name="test_simple" time="0.000"/>
	<system-out>
<![CDATA[]]>	</system-out>
	<system-err>
<![CDATA[]]>	</system-err>
</testsuite>
