<?xml version="1.0" ?>
<testsuite errors="0" failures="0" name="tests.TestCSPP-20141023150933" tests="1" time="0.004">
	<testcase classname="tests.TestCSPP" name="test1D" time="0.004"/>
	<system-out>
<![CDATA[]]>	</system-out>
	<system-err>
<![CDATA[]]>	</system-err>
</testsuite>
