<?xml version="1.0" ?>
<testsuite errors="0" failures="0" name="tests.TestSphere-20141017152618" tests="2" time="0.001">
	<testcase classname="tests.TestSphere" name="test1D" time="0.001"/>
	<testcase classname="tests.TestSphere" name="test1D_2" time="0.000"/>
	<system-out>
<![CDATA[CylinderModel2
]]>	</system-out>
	<system-err>
<![CDATA[]]>	</system-err>
</testsuite>
