<?xml version="1.0" ?>
<testsuite errors="0" failures="0" name="tests.TestPowerLaw-20141023150937" tests="4" time="0.001">
	<testcase classname="tests.TestPowerLaw" name="test1D" time="0.000"/>
	<testcase classname="tests.TestPowerLaw" name="test2D" time="0.000"/>
	<testcase classname="tests.TestPowerLaw" name="test2Dphi" time="0.000"/>
	<testcase classname="tests.TestPowerLaw" name="testlimit" time="0.000"/>
	<system-out>
<![CDATA[]]>	</system-out>
	<system-err>
<![CDATA[]]>	</system-err>
</testsuite>
