<?xml version="1.0" ?>
<testsuite errors="0" failures="0" name="tests.TestCyl-20141017114455" tests="3" time="54.890">
	<testcase classname="tests.TestCyl" name="test1D" time="0.004"/>
	<testcase classname="tests.TestCyl" name="test2D" time="54.885"/>
	<testcase classname="tests.TestCyl" name="testTime" time="0.001"/>
	<system-out>
<![CDATA[CylinderModel2
]]>	</system-out>
	<system-err>
<![CDATA[]]>	</system-err>
</testsuite>
