<?xml version="1.0" ?>
<testsuite errors="0" failures="0" name="tests.TestcylinderSHS-20141023150933" tests="2" time="0.002">
	<testcase classname="tests.TestcylinderSHS" name="testMultiplicationParam" time="0.002"/>
	<testcase classname="tests.TestcylinderSHS" name="test_multplication_radius" time="0.000"/>
	<system-out>
<![CDATA[]]>	</system-out>
	<system-err>
<![CDATA[]]>	</system-err>
</testsuite>
