<?xml version="1.0" ?>
<testsuite errors="0" failures="0" name="tests.TestBarBell-20141023150933" tests="1" time="0.003">
	<testcase classname="tests.TestBarBell" name="test1D" time="0.003"/>
	<system-out>
<![CDATA[]]>	</system-out>
	<system-err>
<![CDATA[]]>	</system-err>
</testsuite>
