<?xml version="1.0" ?>
<testsuite errors="0" failures="0" name="tests.TestMassFractalModel-20141023150937" tests="1" time="0.001">
	<testcase classname="tests.TestMassFractalModel" name="testEval_1D" time="0.001"/>
	<system-out>
<![CDATA[]]>	</system-out>
	<system-err>
<![CDATA[]]>	</system-err>
</testsuite>
