<?xml version="1.0" ?>
<testsuite errors="0" failures="0" name="tests.TestCyl-20141023150937" tests="4" time="0.004">
	<testcase classname="tests.TestCyl" name="test1D" time="0.003"/>
	<testcase classname="tests.TestCyl" name="test2D" time="0.000"/>
	<testcase classname="tests.TestCyl" name="test2DXY" time="0.000"/>
	<testcase classname="tests.TestCyl" name="testTime" time="0.000"/>
	<system-out>
<![CDATA[]]>	</system-out>
	<system-err>
<![CDATA[]]>	</system-err>
</testsuite>
