<?xml version="1.0" ?>
<testsuite errors="0" failures="0" name="tests.TestOnionExpShell1-20141023150933" tests="3" time="2.642">
	<testcase classname="tests.TestOnionExpShell1" name="test_compare_Exp0_flat" time="0.063"/>
	<testcase classname="tests.TestOnionExpShell1" name="test_compare_Expsmall_line" time="0.003"/>
	<testcase classname="tests.TestOnionExpShell1" name="test_compare_time_linear_flat_functions" time="2.576"/>
	<system-out>
<![CDATA[
*****Note: All tests (test_compare_Exp0_flat and test_compare_Expsmall_line) were passes since Sept. 18, 2010...
time (linear) = 1.28665113449, 
 time (flat) = 1.2865819931
]]>	</system-out>
	<system-err>
<![CDATA[]]>	</system-err>
</testsuite>
