<?xml version="1.0" ?>
<testsuite errors="0" failures="0" name="tests.TestSin-20141017120643" tests="2" time="0.000">
	<testcase classname="tests.TestSin" name="test1D" time="0.000"/>
	<testcase classname="tests.TestSin" name="test2D" time="0.000"/>
	<system-out>
<![CDATA[CylinderModel2
]]>	</system-out>
	<system-err>
<![CDATA[]]>	</system-err>
</testsuite>
