<?xml version="1.0" ?>
<testsuite errors="0" failures="0" name="tests.TestCoreShellCylinder-20141023150932" tests="4" time="0.066">
	<testcase classname="tests.TestCoreShellCylinder" name="test_array" time="0.024"/>
	<testcase classname="tests.TestCoreShellCylinder" name="test_dispersion" time="0.032"/>
	<testcase classname="tests.TestCoreShellCylinder" name="test_new_disp" time="0.010"/>
	<testcase classname="tests.TestCoreShellCylinder" name="test_simple" time="0.000"/>
	<system-out>
<![CDATA[]]>	</system-out>
	<system-err>
<![CDATA[]]>	</system-err>
</testsuite>
