<?xml version="1.0" ?>
<testsuite errors="0" failures="0" name="tests.TestCyl2-20141017114455" tests="3" time="0.246">
	<testcase classname="tests.TestCyl2" name="test1D" time="0.241"/>
	<testcase classname="tests.TestCyl2" name="test2D" time="0.001"/>
	<testcase classname="tests.TestCyl2" name="testTime" time="0.004"/>
	<system-out>
<![CDATA[CylinderModel2
]]>	</system-out>
	<system-err>
<![CDATA[]]>	</system-err>
</testsuite>
