<?xml version="1.0" ?>
<testsuite errors="0" failures="0" name="tests.TestCoreShellBicelleModel-20141023150937" tests="2" time="0.002">
	<testcase classname="tests.TestCoreShellBicelleModel" name="testcompare1D" time="0.002"/>
	<testcase classname="tests.TestCoreShellBicelleModel" name="testcompareEval_2D" time="0.000"/>
	<system-out>
<![CDATA[]]>	</system-out>
	<system-err>
<![CDATA[]]>	</system-err>
</testsuite>
