<?xml version="1.0" ?>
<testsuite errors="0" failures="0" name="tests.TestCyl-20141017112832" tests="3" time="0.005">
	<testcase classname="tests.TestCyl" name="test1D" time="0.004"/>
	<testcase classname="tests.TestCyl" name="test2D" time="0.000"/>
	<testcase classname="tests.TestCyl" name="testTime" time="0.000"/>
	<system-out>
<![CDATA[cylinder
]]>	</system-out>
	<system-err>
<![CDATA[]]>	</system-err>
</testsuite>
