<?xml version="1.0" ?>
<testsuite errors="0" failures="0" name="tests.TestDisperser-20141023150931" tests="4" time="0.349">
	<testcase classname="tests.TestDisperser" name="test2Disp" time="0.015"/>
	<testcase classname="tests.TestDisperser" name="test3Disp" time="0.333"/>
	<testcase classname="tests.TestDisperser" name="testComp" time="0.001"/>
	<testcase classname="tests.TestDisperser" name="testNoDisp" time="0.000"/>
	<system-out>
<![CDATA[]]>	</system-out>
	<system-err>
<![CDATA[]]>	</system-err>
</testsuite>
