<?xml version="1.0" ?>
<testsuite errors="0" failures="0" name="tests.TestLorentzian-20141017113555" tests="3" time="0.003">
	<testcase classname="tests.TestLorentzian" name="test1D" time="0.002"/>
	<testcase classname="tests.TestLorentzian" name="test2D" time="0.000"/>
	<testcase classname="tests.TestLorentzian" name="test2Dphi" time="0.001"/>
	<system-out>
<![CDATA[CylinderModel2
]]>	</system-out>
	<system-err>
<![CDATA[]]>	</system-err>
</testsuite>
