<?xml version="1.0" ?>
<testsuite errors="0" failures="0" name="tests.TestSpherew-20141017091700" tests="1" time="0.007">
	<testcase classname="tests.TestSpherew" name="test1D" time="0.007"/>
	<system-out>
<![CDATA[]]>	</system-out>
	<system-err>
<![CDATA[]]>	</system-err>
</testsuite>
