<?xml version="1.0" ?>
<testsuite errors="0" failures="0" name="tests.TestCoreShellEllipsoidXTModel-20141023150736" tests="5" time="0.064">
	<testcase classname="tests.TestCoreShellEllipsoidXTModel" name="test1D" time="0.052"/>
	<testcase classname="tests.TestCoreShellEllipsoidXTModel" name="test1D_2" time="0.009"/>
	<testcase classname="tests.TestCoreShellEllipsoidXTModel" name="testCriticalPoint" time="0.000"/>
	<testcase classname="tests.TestCoreShellEllipsoidXTModel" name="testEval_1D" time="0.000"/>
	<testcase classname="tests.TestCoreShellEllipsoidXTModel" name="testEval_2D" time="0.003"/>
	<system-out>
<![CDATA[]]>	</system-out>
	<system-err>
<![CDATA[]]>	</system-err>
</testsuite>
