<?xml version="1.0" ?>
<testsuite errors="0" failures="0" name="tests.TestGuinier-20141023150933" tests="1" time="0.000">
	<testcase classname="tests.TestGuinier" name="test" time="0.000"/>
	<system-out>
<![CDATA[]]>	</system-out>
	<system-err>
<![CDATA[]]>	</system-err>
</testsuite>
