<?xml version="1.0" ?>
<testsuite errors="0" failures="0" name="tests.TestGaussian-20141017091804" tests="3" time="0.002">
	<testcase classname="tests.TestGaussian" name="test1D" time="0.002"/>
	<testcase classname="tests.TestGaussian" name="test2D" time="0.000"/>
	<testcase classname="tests.TestGaussian" name="test2Dphi" time="0.000"/>
	<system-out>
<![CDATA[CylinderModel2
Choose device(s):
[0] <pyopencl.Device 'Pitcairn' on 'AMD Accelerated Parallel Processing' at 0x2a986b0>
[1] <pyopencl.Device 'Intel(R) Xeon(R) CPU E5-2630 v2 @ 2.60GHz' on 'AMD Accelerated Parallel Processing' at 0x30d1360>
Choice, comma-separated [0]:Set the environment variable PYOPENCL_CTX='' to avoid being asked again.
]]>	</system-out>
	<system-err>
<![CDATA[]]>	</system-err>
</testsuite>
