<?xml version="1.0" ?>
<testsuite errors="0" failures="0" name="tests.TestBinaryHSModel-20141023150937" tests="4" time="0.021">
	<testcase classname="tests.TestBinaryHSModel" name="test1D" time="0.016"/>
	<testcase classname="tests.TestBinaryHSModel" name="test1D_2" time="0.000"/>
	<testcase classname="tests.TestBinaryHSModel" name="testEval_1D" time="0.002"/>
	<testcase classname="tests.TestBinaryHSModel" name="testEval_2D" time="0.002"/>
	<system-out>
<![CDATA[]]>	</system-out>
	<system-err>
<![CDATA[]]>	</system-err>
</testsuite>
