<?xml version="1.0" ?>
<testsuite errors="0" failures="0" name="tests.TestSphere-20141023150932" tests="3" time="0.001">
	<testcase classname="tests.TestSphere" name="test_dispersion" time="0.001"/>
	<testcase classname="tests.TestSphere" name="test_new_disp" time="0.000"/>
	<testcase classname="tests.TestSphere" name="test_simple" time="0.000"/>
	<system-out>
<![CDATA[]]>	</system-out>
	<system-err>
<![CDATA[]]>	</system-err>
</testsuite>
