<?xml version="1.0" ?>
<testsuite errors="0" failures="0" name="tests.TestFuzzySphere-20141023150937" tests="2" time="0.001">
	<testcase classname="tests.TestFuzzySphere" name="test1D" time="0.001"/>
	<testcase classname="tests.TestFuzzySphere" name="test1D_2" time="0.000"/>
	<system-out>
<![CDATA[sldsolv 6.4e-06
]]>	</system-out>
	<system-err>
<![CDATA[]]>	</system-err>
</testsuite>
