<?xml version="1.0" ?>
<testsuite errors="0" failures="0" name="tests.TestFractalCoreShell-20141023150933" tests="2" time="0.240">
	<testcase classname="tests.TestFractalCoreShell" name="test1D" time="0.236"/>
	<testcase classname="tests.TestFractalCoreShell" name="test1DSchulzDispersion" time="0.005"/>
	<system-out>
<![CDATA[]]>	</system-out>
	<system-err>
<![CDATA[]]>	</system-err>
</testsuite>
