<?xml version="1.0" ?>
<testsuite errors="0" failures="0" name="tests.TestGuinierHayterM-20141023150933" tests="1" time="0.007">
	<testcase classname="tests.TestGuinierHayterM" name="test_multplication_radius" time="0.007"/>
	<system-out>
<![CDATA[]]>	</system-out>
	<system-err>
<![CDATA[]]>	</system-err>
</testsuite>
