<?xml version="1.0" ?>
<testsuite errors="0" failures="0" name="tests.TestSpherew-20141017150338" tests="1" time="0.005">
	<testcase classname="tests.TestSpherew" name="test1D" time="0.005"/>
	<system-out>
<![CDATA[CylinderModel2
]]>	</system-out>
	<system-err>
<![CDATA[pydev debugger: Unable to find module to reload: "sansmodels.test.utest_models".
pydev debugger: Unable to find module to reload: "sansmodels.test.utest_models".
]]>	</system-err>
</testsuite>
