<?xml version="1.0" ?>
<testsuite errors="0" failures="0" name="tests.TestEllipsoid-20141023150932" tests="4" time="0.006">
	<testcase classname="tests.TestEllipsoid" name="test_array" time="0.003"/>
	<testcase classname="tests.TestEllipsoid" name="test_dispersion" time="0.002"/>
	<testcase classname="tests.TestEllipsoid" name="test_new_disp" time="0.001"/>
	<testcase classname="tests.TestEllipsoid" name="test_simple" time="0.000"/>
	<system-out>
<![CDATA[]]>	</system-out>
	<system-err>
<![CDATA[]]>	</system-err>
</testsuite>
