<?xml version="1.0" ?>
<testsuite errors="0" failures="0" name="tests.TestMultiShell-20141023150933" tests="1" time="0.001">
	<testcase classname="tests.TestMultiShell" name="test" time="0.001"/>
	<system-out>
<![CDATA[]]>	</system-out>
	<system-err>
<![CDATA[]]>	</system-err>
</testsuite>
