<?xml version="1.0" ?>
<testsuite errors="0" failures="0" name="tests.TestDispModel-20141023150932" tests="1" time="0.000">
	<testcase classname="tests.TestDispModel" name="test_disp_params" time="0.000"/>
	<system-out>
<![CDATA[]]>	</system-out>
	<system-err>
<![CDATA[]]>	</system-err>
</testsuite>
