<?xml version="1.0" ?>
<testsuite errors="0" failures="0" name="tests.TestParallelepipedModel-20141023150937" tests="5" time="0.022">
	<testcase classname="tests.TestParallelepipedModel" name="test1D" time="0.006"/>
	<testcase classname="tests.TestParallelepipedModel" name="test1D_2" time="0.003"/>
	<testcase classname="tests.TestParallelepipedModel" name="testCriticalPoint" time="0.003"/>
	<testcase classname="tests.TestParallelepipedModel" name="testEval_1D" time="0.005"/>
	<testcase classname="tests.TestParallelepipedModel" name="testEval_2D" time="0.005"/>
	<system-out>
<![CDATA[]]>	</system-out>
	<system-err>
<![CDATA[]]>	</system-err>
</testsuite>
