<?xml version="1.0" ?>
<testsuite errors="0" failures="0" name="tests.TestSphericalSLDModel-20141023150937" tests="1" time="0.081">
	<testcase classname="tests.TestSphericalSLDModel" name="test_compare_SphericalSLD_OnionExpShell" time="0.081"/>
	<system-out>
<![CDATA[
*****Note: This test was passes since Nov. 1st, 2010...
0.0136561393738
]]>	</system-out>
	<system-err>
<![CDATA[]]>	</system-err>
</testsuite>
