<?xml version="1.0" ?>
<testsuite errors="0" failures="0" name="tests.TestFCParaCrystal-20141023150933" tests="1" time="0.026">
	<testcase classname="tests.TestFCParaCrystal" name="test1D" time="0.026"/>
	<system-out>
<![CDATA[]]>	</system-out>
	<system-err>
<![CDATA[]]>	</system-err>
</testsuite>
