<?xml version="1.0" ?>
<testsuite errors="0" failures="0" name="tests.TestConstant-20141020120005" tests="3" time="0.050">
	<testcase classname="tests.TestConstant" name="test1D" time="0.050"/>
	<testcase classname="tests.TestConstant" name="test2D" time="0.000"/>
	<testcase classname="tests.TestConstant" name="testFunction" time="0.000"/>
	<system-out>
<![CDATA[CylinderModel2
]]>	</system-out>
	<system-err>
<![CDATA[]]>	</system-err>
</testsuite>
